<?xml version="1.0" encoding="UTF-8"?>
<testsuite name="starter.CucumberTestSuite" tests="0" skipped="0" failures="0" errors="0" timestamp="1970-01-01T00:00:00" hostname="COLOSO" time="0.0">
  <properties/>
  <system-out><![CDATA[03:52:20.331 [Test worker] DEBUG net.thucydides.core.guice.Injectors - Created injector for module net.thucydides.core.guice.ThucydidesModule
03:52:20.398 [Test worker] INFO io.cucumber.core.plugin.SerenityReporter - Running feature from file:///C:/Proyectos/BookingApp/src/test/resources/features/login/reservaBooking.feature
03:52:20.494 [Test worker] DEBUG net.thucydides.core.guice.Injectors - Created injector for module net.thucydides.core.guice.webdriver.WebDriverModule
03:52:20.502 [Test worker] INFO  - 

-------------------------------------------------------------------------------------
     _______. _______ .______       _______ .__   __.  __  .___________.____    ____ 
    /       ||   ____||   _  \     |   ____||  \ |  | |  | |           |\   \  /   / 
   |   (----`|  |__   |  |_)  |    |  |__   |   \|  | |  | `---|  |----` \   \/   /  
    \   \    |   __|  |      /     |   __|  |  . `  | |  |     |  |       \_    _/   
.----)   |   |  |____ |  |\  \----.|  |____ |  |\   | |  |     |  |         |  |     
|_______/    |_______|| _| `._____||_______||__| \__| |__|     |__|         |__|    
                                                                                     
 News and tutorials at http://www.serenity-bdd.info                                  
 Documentation at https://wakaleo.gitbooks.io/the-serenity-book/content/             
 Join the Serenity Community on Gitter: https://gitter.im/serenity-bdd/serenity-core 
 Serenity BDD Support and Training at http://serenity-bdd.info/#/trainingandsupport  
-------------------------------------------------------------------------------------

03:52:20.509 [Test worker] DEBUG net.thucydides.core.steps.StepEventBus - Test suite started for story net.thucydides.core.model.Story@31d09367
03:52:20.510 [Test worker] INFO  - Test Suite Started: Busqueda de alojamiento desde la app de Booking
03:52:20.522 [Test worker] INFO io.cucumber.core.plugin.SerenityReporter - Running feature from file:///C:/Proyectos/BookingApp/src/test/resources/features/login/reservaBooking.feature
03:52:20.525 [Test worker] DEBUG net.thucydides.core.steps.StepEventBus - Test suite started for story net.thucydides.core.model.Story@31d09367
03:52:20.525 [Test worker] INFO  - Test Suite Started: Busqueda de alojamiento desde la app de Booking
03:52:41.951 [Test worker] DEBUG net.thucydides.core.reports.ReportService - Reporting formats: [JSON, HTML]
03:52:41.954 [AsyncHttpClient-1-1] DEBUG org.asynchttpclient.netty.channel.DefaultChannelPool - Entry count for : http://localhost:4723 : 1
03:52:42.013 [Test worker] DEBUG net.thucydides.core.reports.ReportService - Reporting formats: [JSON, HTML]
03:52:42.023 [Test worker] DEBUG net.thucydides.core.reports.ReportService - Generating reports for 1 test outcomes using: net.thucydides.core.reports.json.JSONTestOutcomeReporter@7d8cf9ac
03:52:42.024 [pool-1-thread-1] DEBUG net.thucydides.core.reports.ReportService - Processing test outcome Busqueda de alojamiento desde la app de Booking:Ralizar Busqueda de alojamiento desde la app de Booking
03:52:42.024 [pool-1-thread-1] DEBUG net.thucydides.core.reports.ReportService - net.thucydides.core.reports.json.JSONTestOutcomeReporter@7d8cf9ac: Generating report for test outcome: Busqueda de alojamiento desde la app de Booking:Ralizar Busqueda de alojamiento desde la app de Booking
03:52:42.037 [pool-1-thread-1] DEBUG net.thucydides.core.reports.json.JSONTestOutcomeReporter - Generating JSON report for Ralizar Busqueda de alojamiento desde la app de Booking to file C:\Proyectos\BookingApp\target\site\serenity\635735bb4b521e4b48bf32c995ec0a6fe315afbebbd7d12c45a991cff384380f.json (using temp file C:\Proyectos\BookingApp\target\site\serenity\635735bb4b521e4b48bf32c995ec0a6fe315afbebbd7d12c45a991cff384380f.jsonf657b9b5-1507-489e-affa-f4eeed146c95)
03:52:42.066 [pool-1-thread-1] DEBUG net.thucydides.core.reports.ReportService - Processing test outcome Busqueda de alojamiento desde la app de Booking:Ralizar Busqueda de alojamiento desde la app de Booking done
03:52:42.067 [Test worker] DEBUG net.thucydides.core.reports.ReportService - Shutting down executor service
03:52:42.067 [Test worker] DEBUG net.thucydides.core.reports.ReportService - Reports generated in: 44 ms
03:52:42.067 [Test worker] DEBUG net.thucydides.core.reports.ReportService - Generating reports for 1 test outcomes using: net.thucydides.core.reports.html.HtmlAcceptanceTestReporter@1b57c345
03:52:42.068 [pool-2-thread-1] DEBUG net.thucydides.core.reports.ReportService - Processing test outcome Busqueda de alojamiento desde la app de Booking:Ralizar Busqueda de alojamiento desde la app de Booking
03:52:42.068 [pool-2-thread-1] DEBUG net.thucydides.core.reports.ReportService - net.thucydides.core.reports.html.HtmlAcceptanceTestReporter@1b57c345: Generating report for test outcome: Busqueda de alojamiento desde la app de Booking:Ralizar Busqueda de alojamiento desde la app de Booking
03:52:42.087 [pool-2-thread-1] DEBUG net.thucydides.core.requirements.FileSystemRequirementsTagProvider - Loading requirements from directory: C:\Proyectos\BookingApp\src\test\resources\features\login (C:\Proyectos\BookingApp\src\test\resources\features\login)
03:52:42.087 [pool-2-thread-1] DEBUG net.thucydides.core.requirements.FileSystemRequirementsTagProvider - Get requirements type for: C:\Proyectos\BookingApp\src\test\resources\features\login (C:\Proyectos\BookingApp\src\test\resources\features\login)
03:52:43.056 [AsyncHttpClient-1-1] DEBUG org.asynchttpclient.netty.channel.DefaultChannelPool - Entry count for : http://localhost:4723 : 1
03:52:44.015 [pool-2-thread-1] DEBUG net.thucydides.core.reports.ReportService - Processing test outcome Busqueda de alojamiento desde la app de Booking:Ralizar Busqueda de alojamiento desde la app de Booking done
03:52:44.015 [Test worker] DEBUG net.thucydides.core.reports.ReportService - Shutting down executor service
03:52:44.016 [Test worker] DEBUG net.thucydides.core.reports.ReportService - Reports generated in: 1949 ms
03:52:44.055 [Test worker] DEBUG net.serenitybdd.core.photography.Darkroom - Closing darkroom
03:52:44.055 [Darkroom Processing Line] DEBUG net.serenitybdd.core.photography.DarkroomProcessingLine - Darkroom processing line shutting down
03:52:44.061 [Test worker] DEBUG net.serenitybdd.core.photography.Darkroom - Closing darkroom
]]></system-out>
  <system-err><![CDATA[?[32m?[1m??????????????????????????????????????????????????????????????????????????????????????[0m
?[32m?[1m??[0m Share your Cucumber Report with your team at ?[36m?[1m?[4mhttps://reports.cucumber.io?[0m          ?[32m?[1m??[0m
?[32m?[1m??[0m Activate publishing with one of the following:                                    ?[32m?[1m??[0m
?[32m?[1m??[0m                                                                                   ?[32m?[1m??[0m
?[32m?[1m??[0m src/test/resources/cucumber.properties:          ?[36mcucumber.publish.enabled?[0m=?[36mtrue?[0m    ?[32m?[1m??[0m
?[32m?[1m??[0m src/test/resources/junit-platform.properties:    ?[36mcucumber.publish.enabled?[0m=?[36mtrue?[0m    ?[32m?[1m??[0m
?[32m?[1m??[0m Environment variable:                            ?[36mCUCUMBER_PUBLISH_ENABLED?[0m=?[36mtrue?[0m    ?[32m?[1m??[0m
?[32m?[1m??[0m JUnit:                                           ?[36m@CucumberOptions?[0m(publish = ?[36mtrue?[0m) ?[32m?[1m??[0m
?[32m?[1m??[0m                                                                                   ?[32m?[1m??[0m
?[32m?[1m??[0m More information at ?[36mhttps://cucumber.io/docs/cucumber/environment-variables/?[0m      ?[32m?[1m??[0m
?[32m?[1m??[0m                                                                                   ?[32m?[1m??[0m
?[32m?[1m??[0m Disable this message with one of the following:                                   ?[32m?[1m??[0m
?[32m?[1m??[0m                                                                                   ?[32m?[1m??[0m
?[32m?[1m??[0m src/test/resources/cucumber.properties:          ?[36mcucumber.publish.quiet?[0m=?[36mtrue?[0m      ?[32m?[1m??[0m
?[32m?[1m??[0m src/test/resources/junit-platform.properties:    ?[36mcucumber.publish.quiet?[0m=?[36mtrue?[0m      ?[32m?[1m??[0m
?[32m?[1m??????????????????????????????????????????????????????????????????????????????????????[0m
]]></system-err>
</testsuite>
